<?xml version="1.0" encoding="utf-8"?>
<TestRun id="104cc6a5-0834-408c-a9bd-0e38f59265ff" name="Vinod Kumar@VINODKUMAR 2024-12-01 16:55:42" runUser="VINODKUMAR\Vinod Kumar" xmlns="http://microsoft.com/schemas/VisualStudio/TeamTest/2010">
  <Times creation="2024-12-01T16:55:42.0941078+05:30" queuing="2024-12-01T16:55:42.0941081+05:30" start="2024-12-01T16:55:40.0424158+05:30" finish="2024-12-01T16:55:42.1329883+05:30" />
  <TestSettings name="default" id="087c77ff-2a63-467a-b99b-0abbb482b79b">
    <Deployment runDeploymentRoot="Vinod_Kumar_VINODKUMAR_2024-12-01_16_55_42" />
  </TestSettings>
  <Results>
    <UnitTestResult executionId="857968c1-38b3-4a62-9f93-2723f0964c82" testId="6b9e48c5-55b8-3aff-8103-70d95964e4b5" testName="GeUserById_ProductExists_ReturnsOkWithProduct" computerName="VINODKUMAR" duration="00:00:00.2058049" startTime="2024-12-01T16:55:40.6987624+05:30" endTime="2024-12-01T16:55:40.9044771+05:30" testType="13cdc9d9-ddb5-4fa4-a97d-d965ccfc6d4b" outcome="Passed" testListId="8c84fa94-04c1-424b-9868-57a2d4851a1d" relativeResultsDirectory="857968c1-38b3-4a62-9f93-2723f0964c82" />
  </Results>
  <TestDefinitions>
    <UnitTest name="GeUserById_ProductExists_ReturnsOkWithProduct" storage="c:\vinod\dotnetprojects\userservice\userservice.test\bin\debug\net8.0\userservice.test.dll" id="6b9e48c5-55b8-3aff-8103-70d95964e4b5">
      <Execution id="857968c1-38b3-4a62-9f93-2723f0964c82" />
      <TestMethod codeBase="C:\Vinod\DotnetProjects\UserService\UserService.Test\bin\Debug\net8.0\UserService.Test.dll" adapterTypeName="executor://nunit3testexecutor/" className="UserService.Test.UserControllerTest" name="GeUserById_ProductExists_ReturnsOkWithProduct" />
    </UnitTest>
  </TestDefinitions>
  <TestEntries>
    <TestEntry testId="6b9e48c5-55b8-3aff-8103-70d95964e4b5" executionId="857968c1-38b3-4a62-9f93-2723f0964c82" testListId="8c84fa94-04c1-424b-9868-57a2d4851a1d" />
  </TestEntries>
  <TestLists>
    <TestList name="Results Not in a List" id="8c84fa94-04c1-424b-9868-57a2d4851a1d" />
    <TestList name="All Loaded Results" id="19431567-8539-422a-85d7-44ee4e166bda" />
  </TestLists>
  <ResultSummary outcome="Completed">
    <Counters total="1" executed="1" passed="1" failed="0" error="0" timeout="0" aborted="0" inconclusive="0" passedButRunAborted="0" notRunnable="0" notExecuted="0" disconnected="0" warning="0" completed="0" inProgress="0" pending="0" />
    <Output>
      <StdOut>NUnit Adapter 4.0.0.0: Test execution started&#xD;
Running all tests in C:\Vinod\DotnetProjects\UserService\UserService.Test\bin\Debug\net8.0\UserService.Test.dll&#xD;
   NUnit3TestExecutor discovered 1 of 1 NUnit test cases using Current Discovery mode, Non-Explicit run&#xD;
NUnit Adapter 4.0.0.0: Test execution complete&#xD;
[xUnit.net 00:00:00.00] xUnit.net VSTest Adapter v2.4.3+1b45f5407b (64-bit .NET 8.0.11)&#xD;
[xUnit.net 00:00:01.07]   Discovering: UserService.Test&#xD;
[xUnit.net 00:00:01.08]   Discovered:  UserService.Test&#xD;
</StdOut>
    </Output>
  </ResultSummary>
</TestRun>